2016-12-12 16:04:45,437 [Worker-3] INFO  c.g.t.t.d.PublishedGradleVersions - Gradle version information cache is up-to-date. Trying to read.
2016-12-12 16:08:01,900 [Worker-3] INFO  c.g.t.t.d.PublishedGradleVersions - Gradle version information cache is up-to-date. Trying to read.
2016-12-12 16:13:05,441 [Worker-2] INFO  c.g.t.t.d.PublishedGradleVersions - Gradle version information cache is up-to-date. Trying to read.
2016-12-12 16:13:38,006 [Worker-1] INFO  c.g.t.t.d.PublishedGradleVersions - Gradle version information cache is up-to-date. Trying to read.
2016-12-12 16:24:49,321 [Worker-1] INFO  c.g.t.t.d.PublishedGradleVersions - Gradle version information cache is up-to-date. Trying to read.
2016-12-12 21:59:08,590 [Worker-0] INFO  c.g.t.t.d.PublishedGradleVersions - Gradle version information cache is up-to-date. Trying to read.
2016-12-12 22:45:30,889 [Worker-1] INFO  c.g.t.t.d.PublishedGradleVersions - Gradle version information cache is up-to-date. Trying to read.
2016-12-12 22:46:16,048 [Worker-0] INFO  c.g.t.t.d.PublishedGradleVersions - Gradle version information cache is up-to-date. Trying to read.
2016-12-12 23:23:44,514 [Worker-2] INFO  c.g.t.t.d.PublishedGradleVersions - Gradle version information cache is up-to-date. Trying to read.
2016-12-12 23:26:41,660 [Worker-2] INFO  c.g.t.t.d.PublishedGradleVersions - Gradle version information cache is up-to-date. Trying to read.
2016-12-13 00:00:53,666 [Worker-0] INFO  c.g.t.t.d.PublishedGradleVersions - Gradle version information cache is up-to-date. Trying to read.
2016-12-14 13:27:28,143 [Worker-2] INFO  c.g.t.t.d.PublishedGradleVersions - Gradle version information cache is out-of-date. Trying to update.
2016-12-14 14:11:18,302 [Worker-3] INFO  c.g.t.t.d.PublishedGradleVersions - Gradle version information cache is up-to-date. Trying to read.
2016-12-14 14:20:35,443 [Worker-2] INFO  c.g.t.t.d.PublishedGradleVersions - Gradle version information cache is up-to-date. Trying to read.
2017-01-10 16:02:10,900 [Worker-2] INFO  c.g.t.t.d.PublishedGradleVersions - Gradle version information cache is up-to-date. Trying to read.
2017-01-17 11:28:56,262 [Worker-1] INFO  c.g.t.t.d.PublishedGradleVersions - Gradle version information cache is out-of-date. Trying to update.
2017-01-17 21:30:17,886 [Worker-3] INFO  c.g.t.t.d.PublishedGradleVersions - Gradle version information cache is up-to-date. Trying to read.
2017-01-19 21:35:47,002 [Worker-1] INFO  c.g.t.t.d.PublishedGradleVersions - Gradle version information cache is out-of-date. Trying to update.
2017-01-19 21:38:18,695 [Worker-0] INFO  c.g.t.t.d.PublishedGradleVersions - Gradle version information cache is up-to-date. Trying to read.
2017-01-19 21:47:07,952 [Worker-3] INFO  c.g.t.t.d.PublishedGradleVersions - Gradle version information cache is up-to-date. Trying to read.
2017-01-20 16:34:32,317 [Worker-0] INFO  c.g.t.t.d.PublishedGradleVersions - Gradle version information cache is up-to-date. Trying to read.
2017-01-20 16:50:09,781 [Worker-1] INFO  c.g.t.t.d.PublishedGradleVersions - Gradle version information cache is up-to-date. Trying to read.
2017-01-21 14:47:53,218 [Worker-1] INFO  c.g.t.t.d.PublishedGradleVersions - Gradle version information cache is out-of-date. Trying to update.
2017-01-31 08:17:24,339 [Worker-0] INFO  c.g.t.t.d.PublishedGradleVersions - Gradle version information cache is out-of-date. Trying to update.
2017-01-31 08:18:06,837 [Worker-0] INFO  c.g.t.t.d.PublishedGradleVersions - Gradle version information cache is up-to-date. Trying to read.
2017-03-13 09:39:39,650 [Worker-0] INFO  c.g.t.t.d.PublishedGradleVersions - Gradle version information cache is up-to-date. Trying to read.
2017-03-21 17:17:03,389 [Worker-0] INFO  c.g.t.t.d.PublishedGradleVersions - Gradle version information cache is out-of-date. Trying to update.
2017-03-23 16:44:41,119 [Worker-3] INFO  c.g.t.t.d.PublishedGradleVersions - Gradle version information cache is out-of-date. Trying to update.
2017-04-13 16:11:47,177 [Worker-3] INFO  c.g.t.t.d.PublishedGradleVersions - Gradle version information cache is up-to-date. Trying to read.
2017-05-07 16:48:59,346 [Worker-3] INFO  c.g.t.t.d.PublishedGradleVersions - Gradle version information cache is up-to-date. Trying to read.
2017-05-07 16:49:00,349 [Worker-2] WARN  org.eclipse.jgit.util.FS - Exception caught during execution of command '[git, --version]' in '/usr/bin', return code '71', error message 'dyld: Library not loaded: @rpath/XCTest.framework/Versions/A/XCTest
  Referenced from: /Applications/Xcode.app/Contents/Frameworks/IDEFoundation.framework/Versions/A/IDEFoundation
  Reason: image not found
git: error: unable to locate xcodebuild, please make sure the path to the Xcode folder is set correctly!
git: error: You can set the path to the Xcode folder using /usr/bin/xcode-select -switch
'
2017-05-08 17:11:11,469 [Worker-1] INFO  c.g.t.t.d.PublishedGradleVersions - Gradle version information cache is up-to-date. Trying to read.
2017-05-08 17:11:12,539 [Worker-3] WARN  org.eclipse.jgit.util.FS - Exception caught during execution of command '[git, --version]' in '/usr/bin', return code '71', error message 'dyld: Library not loaded: @rpath/XCTest.framework/Versions/A/XCTest
  Referenced from: /Applications/Xcode.app/Contents/Frameworks/IDEFoundation.framework/Versions/A/IDEFoundation
  Reason: image not found
git: error: unable to locate xcodebuild, please make sure the path to the Xcode folder is set correctly!
git: error: You can set the path to the Xcode folder using /usr/bin/xcode-select -switch
'
2017-06-10 13:25:32,143 [Worker-2] INFO  c.g.t.t.d.PublishedGradleVersions - Gradle version information cache is out-of-date. Trying to update.
2017-06-10 13:25:33,793 [Worker-4] WARN  org.eclipse.jgit.util.FS - Exception caught during execution of command '[git, --version]' in '/usr/bin', return code '71', error message 'dyld: Library not loaded: @rpath/XCTest.framework/Versions/A/XCTest
  Referenced from: /Applications/Xcode.app/Contents/Frameworks/IDEFoundation.framework/Versions/A/IDEFoundation
  Reason: image not found
git: error: unable to locate xcodebuild, please make sure the path to the Xcode folder is set correctly!
git: error: You can set the path to the Xcode folder using /usr/bin/xcode-select -switch
'
2017-06-14 14:12:44,305 [Worker-0] INFO  c.g.t.t.d.PublishedGradleVersions - Gradle version information cache is out-of-date. Trying to update.
2017-06-14 14:12:45,764 [Worker-3] WARN  org.eclipse.jgit.util.FS - Exception caught during execution of command '[git, --version]' in '/usr/bin', return code '71', error message 'dyld: Library not loaded: @rpath/XCTest.framework/Versions/A/XCTest
  Referenced from: /Applications/Xcode.app/Contents/Frameworks/IDEFoundation.framework/Versions/A/IDEFoundation
  Reason: image not found
git: error: unable to locate xcodebuild, please make sure the path to the Xcode folder is set correctly!
git: error: You can set the path to the Xcode folder using /usr/bin/xcode-select -switch
'
2017-06-17 18:53:13,757 [Worker-0] INFO  c.g.t.t.d.PublishedGradleVersions - Gradle version information cache is out-of-date. Trying to update.
2017-06-17 18:53:15,153 [Worker-5] WARN  org.eclipse.jgit.util.FS - Exception caught during execution of command '[git, --version]' in '/usr/bin', return code '71', error message 'dyld: Library not loaded: @rpath/XCTest.framework/Versions/A/XCTest
  Referenced from: /Applications/Xcode.app/Contents/Frameworks/IDEFoundation.framework/Versions/A/IDEFoundation
  Reason: image not found
git: error: unable to locate xcodebuild, please make sure the path to the Xcode folder is set correctly!
git: error: You can set the path to the Xcode folder using /usr/bin/xcode-select -switch
'
2017-06-17 18:53:34,151 [Worker-1] INFO  c.g.t.t.d.PublishedGradleVersions - Gradle version information cache is up-to-date. Trying to read.
2017-06-17 18:53:34,868 [Worker-3] WARN  org.eclipse.jgit.util.FS - Exception caught during execution of command '[git, --version]' in '/usr/bin', return code '71', error message 'dyld: Library not loaded: @rpath/XCTest.framework/Versions/A/XCTest
  Referenced from: /Applications/Xcode.app/Contents/Frameworks/IDEFoundation.framework/Versions/A/IDEFoundation
  Reason: image not found
git: error: unable to locate xcodebuild, please make sure the path to the Xcode folder is set correctly!
git: error: You can set the path to the Xcode folder using /usr/bin/xcode-select -switch
'
2017-06-17 18:54:36,789 [main] WARN  org.eclipse.jgit.util.FS - Exception caught during execution of command '[git, --version]' in '/usr/bin', return code '71', error message 'dyld: Library not loaded: @rpath/XCTest.framework/Versions/A/XCTest
  Referenced from: /Applications/Xcode.app/Contents/Frameworks/IDEFoundation.framework/Versions/A/IDEFoundation
  Reason: image not found
git: error: unable to locate xcodebuild, please make sure the path to the Xcode folder is set correctly!
git: error: You can set the path to the Xcode folder using /usr/bin/xcode-select -switch
'
2017-06-17 18:54:37,095 [Worker-3] INFO  c.g.t.t.d.PublishedGradleVersions - Gradle version information cache is up-to-date. Trying to read.
2017-06-17 21:22:09,986 [main] WARN  org.eclipse.jgit.util.FS - Exception caught during execution of command '[git, --version]' in '/usr/bin', return code '71', error message 'dyld: Library not loaded: @rpath/XCTest.framework/Versions/A/XCTest
  Referenced from: /Applications/Xcode.app/Contents/Frameworks/IDEFoundation.framework/Versions/A/IDEFoundation
  Reason: image not found
git: error: unable to locate xcodebuild, please make sure the path to the Xcode folder is set correctly!
git: error: You can set the path to the Xcode folder using /usr/bin/xcode-select -switch
'
2017-06-17 21:22:10,375 [Worker-2] INFO  c.g.t.t.d.PublishedGradleVersions - Gradle version information cache is up-to-date. Trying to read.
2017-06-17 22:14:37,921 [Worker-2] INFO  c.g.t.t.d.PublishedGradleVersions - Gradle version information cache is up-to-date. Trying to read.
2017-06-17 22:14:39,312 [Worker-0] WARN  org.eclipse.jgit.util.FS - Exception caught during execution of command '[git, --version]' in '/usr/bin', return code '71', error message 'dyld: Library not loaded: @rpath/XCTest.framework/Versions/A/XCTest
  Referenced from: /Applications/Xcode.app/Contents/Frameworks/IDEFoundation.framework/Versions/A/IDEFoundation
  Reason: image not found
git: error: unable to locate xcodebuild, please make sure the path to the Xcode folder is set correctly!
git: error: You can set the path to the Xcode folder using /usr/bin/xcode-select -switch
'
2017-06-19 10:51:53,444 [Worker-3] INFO  c.g.t.t.d.PublishedGradleVersions - Gradle version information cache is out-of-date. Trying to update.
2017-06-19 10:51:54,837 [Worker-1] WARN  org.eclipse.jgit.util.FS - Exception caught during execution of command '[git, --version]' in '/usr/bin', return code '71', error message 'dyld: Library not loaded: @rpath/XCTest.framework/Versions/A/XCTest
  Referenced from: /Applications/Xcode.app/Contents/Frameworks/IDEFoundation.framework/Versions/A/IDEFoundation
  Reason: image not found
git: error: unable to locate xcodebuild, please make sure the path to the Xcode folder is set correctly!
git: error: You can set the path to the Xcode folder using /usr/bin/xcode-select -switch
'
2017-06-19 15:58:36,204 [Worker-1] INFO  c.g.t.t.d.PublishedGradleVersions - Gradle version information cache is up-to-date. Trying to read.
2017-06-19 15:58:39,009 [Worker-4] WARN  org.eclipse.jgit.util.FS - Exception caught during execution of command '[git, --version]' in '/usr/bin', return code '71', error message 'dyld: Library not loaded: @rpath/XCTest.framework/Versions/A/XCTest
  Referenced from: /Applications/Xcode.app/Contents/Frameworks/IDEFoundation.framework/Versions/A/IDEFoundation
  Reason: image not found
git: error: unable to locate xcodebuild, please make sure the path to the Xcode folder is set correctly!
git: error: You can set the path to the Xcode folder using /usr/bin/xcode-select -switch
'
2017-06-19 21:47:02,060 [Worker-2] INFO  c.g.t.t.d.PublishedGradleVersions - Gradle version information cache is up-to-date. Trying to read.
2017-06-19 21:47:03,170 [Worker-1] WARN  org.eclipse.jgit.util.FS - Exception caught during execution of command '[git, --version]' in '/usr/bin', return code '71', error message 'dyld: Library not loaded: @rpath/XCTest.framework/Versions/A/XCTest
  Referenced from: /Applications/Xcode.app/Contents/Frameworks/IDEFoundation.framework/Versions/A/IDEFoundation
  Reason: image not found
git: error: unable to locate xcodebuild, please make sure the path to the Xcode folder is set correctly!
git: error: You can set the path to the Xcode folder using /usr/bin/xcode-select -switch
'
2017-06-21 10:47:11,600 [Worker-1] INFO  c.g.t.t.d.PublishedGradleVersions - Gradle version information cache is out-of-date. Trying to update.
2017-06-21 10:47:12,685 [Worker-3] WARN  org.eclipse.jgit.util.FS - Exception caught during execution of command '[git, --version]' in '/usr/bin', return code '71', error message 'dyld: Library not loaded: @rpath/XCTest.framework/Versions/A/XCTest
  Referenced from: /Applications/Xcode.app/Contents/Frameworks/IDEFoundation.framework/Versions/A/IDEFoundation
  Reason: image not found
git: error: unable to locate xcodebuild, please make sure the path to the Xcode folder is set correctly!
git: error: You can set the path to the Xcode folder using /usr/bin/xcode-select -switch
'
2017-06-21 20:59:34,246 [Worker-0] INFO  c.g.t.t.d.PublishedGradleVersions - Gradle version information cache is up-to-date. Trying to read.
2017-06-21 20:59:35,646 [Worker-6] WARN  org.eclipse.jgit.util.FS - Exception caught during execution of command '[git, --version]' in '/usr/bin', return code '71', error message 'dyld: Library not loaded: @rpath/XCTest.framework/Versions/A/XCTest
  Referenced from: /Applications/Xcode.app/Contents/Frameworks/IDEFoundation.framework/Versions/A/IDEFoundation
  Reason: image not found
git: error: unable to locate xcodebuild, please make sure the path to the Xcode folder is set correctly!
git: error: You can set the path to the Xcode folder using /usr/bin/xcode-select -switch
'
2017-06-21 21:02:34,222 [Worker-0] INFO  c.g.t.t.d.PublishedGradleVersions - Gradle version information cache is up-to-date. Trying to read.
2017-06-21 21:02:34,947 [Worker-5] WARN  org.eclipse.jgit.util.FS - Exception caught during execution of command '[git, --version]' in '/usr/bin', return code '71', error message 'dyld: Library not loaded: @rpath/XCTest.framework/Versions/A/XCTest
  Referenced from: /Applications/Xcode.app/Contents/Frameworks/IDEFoundation.framework/Versions/A/IDEFoundation
  Reason: image not found
git: error: unable to locate xcodebuild, please make sure the path to the Xcode folder is set correctly!
git: error: You can set the path to the Xcode folder using /usr/bin/xcode-select -switch
'
2017-06-24 15:02:25,503 [Worker-2] INFO  c.g.t.t.d.PublishedGradleVersions - Gradle version information cache is out-of-date. Trying to update.
2017-06-24 15:02:26,763 [Worker-4] WARN  org.eclipse.jgit.util.FS - Exception caught during execution of command '[git, --version]' in '/usr/bin', return code '71', error message 'dyld: Library not loaded: @rpath/XCTest.framework/Versions/A/XCTest
  Referenced from: /Applications/Xcode.app/Contents/Frameworks/IDEFoundation.framework/Versions/A/IDEFoundation
  Reason: image not found
git: error: unable to locate xcodebuild, please make sure the path to the Xcode folder is set correctly!
git: error: You can set the path to the Xcode folder using /usr/bin/xcode-select -switch
'
2017-06-24 19:59:58,681 [Worker-0] INFO  c.g.t.t.d.PublishedGradleVersions - Gradle version information cache is up-to-date. Trying to read.
2017-06-24 19:59:59,876 [Worker-1] WARN  org.eclipse.jgit.util.FS - Exception caught during execution of command '[git, --version]' in '/usr/bin', return code '71', error message 'dyld: Library not loaded: @rpath/XCTest.framework/Versions/A/XCTest
  Referenced from: /Applications/Xcode.app/Contents/Frameworks/IDEFoundation.framework/Versions/A/IDEFoundation
  Reason: image not found
git: error: unable to locate xcodebuild, please make sure the path to the Xcode folder is set correctly!
git: error: You can set the path to the Xcode folder using /usr/bin/xcode-select -switch
'
2017-07-05 21:32:19,286 [Worker-3] INFO  c.g.t.t.d.PublishedGradleVersions - Gradle version information cache is out-of-date. Trying to update.
2017-07-05 21:32:20,433 [Worker-5] WARN  org.eclipse.jgit.util.FS - Exception caught during execution of command '[git, --version]' in '/usr/bin', return code '71', error message 'dyld: Library not loaded: @rpath/XCTest.framework/Versions/A/XCTest
  Referenced from: /Applications/Xcode.app/Contents/Frameworks/IDEFoundation.framework/Versions/A/IDEFoundation
  Reason: image not found
git: error: unable to locate xcodebuild, please make sure the path to the Xcode folder is set correctly!
git: error: You can set the path to the Xcode folder using /usr/bin/xcode-select -switch
'
2017-08-16 16:11:13,036 [Worker-2] INFO  c.g.t.t.d.PublishedGradleVersions - Gradle version information cache is out-of-date. Trying to update.
2017-08-16 16:11:16,134 [Worker-4] WARN  org.eclipse.jgit.util.FS - Exception caught during execution of command '[git, --version]' in '/usr/bin', return code '71', error message 'dyld: Library not loaded: @rpath/XCTest.framework/Versions/A/XCTest
  Referenced from: /Applications/Xcode.app/Contents/Frameworks/IDEFoundation.framework/Versions/A/IDEFoundation
  Reason: image not found
git: error: unable to locate xcodebuild, please make sure the path to the Xcode folder is set correctly!
git: error: You can set the path to the Xcode folder using /usr/bin/xcode-select -switch
'
2017-08-17 20:06:31,111 [Worker-2] INFO  c.g.t.t.d.PublishedGradleVersions - Gradle version information cache is out-of-date. Trying to update.
2017-08-17 20:06:32,392 [Worker-0] WARN  org.eclipse.jgit.util.FS - Exception caught during execution of command '[git, --version]' in '/usr/bin', return code '71', error message 'dyld: Library not loaded: @rpath/XCTest.framework/Versions/A/XCTest
  Referenced from: /Applications/Xcode.app/Contents/Frameworks/IDEFoundation.framework/Versions/A/IDEFoundation
  Reason: image not found
git: error: unable to locate xcodebuild, please make sure the path to the Xcode folder is set correctly!
git: error: You can set the path to the Xcode folder using /usr/bin/xcode-select -switch
'
2017-08-17 20:07:01,435 [Worker-2] INFO  c.g.t.t.d.PublishedGradleVersions - Updating Gradle version information cache failed. Using outdated cache.
2017-08-17 21:31:25,129 [Worker-0] INFO  c.g.t.t.d.PublishedGradleVersions - Gradle version information cache is out-of-date. Trying to update.
2017-08-17 21:31:26,260 [Worker-3] WARN  org.eclipse.jgit.util.FS - Exception caught during execution of command '[git, --version]' in '/usr/bin', return code '71', error message 'dyld: Library not loaded: @rpath/XCTest.framework/Versions/A/XCTest
  Referenced from: /Applications/Xcode.app/Contents/Frameworks/IDEFoundation.framework/Versions/A/IDEFoundation
  Reason: image not found
git: error: unable to locate xcodebuild, please make sure the path to the Xcode folder is set correctly!
git: error: You can set the path to the Xcode folder using /usr/bin/xcode-select -switch
'
2017-08-18 00:28:46,542 [Worker-1] INFO  c.g.t.t.d.PublishedGradleVersions - Gradle version information cache is up-to-date. Trying to read.
2017-08-18 00:28:47,503 [Worker-3] WARN  org.eclipse.jgit.util.FS - Exception caught during execution of command '[git, --version]' in '/usr/bin', return code '71', error message 'dyld: Library not loaded: @rpath/XCTest.framework/Versions/A/XCTest
  Referenced from: /Applications/Xcode.app/Contents/Frameworks/IDEFoundation.framework/Versions/A/IDEFoundation
  Reason: image not found
git: error: unable to locate xcodebuild, please make sure the path to the Xcode folder is set correctly!
git: error: You can set the path to the Xcode folder using /usr/bin/xcode-select -switch
'
2017-08-18 10:20:51,800 [Worker-2] INFO  c.g.t.t.d.PublishedGradleVersions - Gradle version information cache is up-to-date. Trying to read.
2017-08-18 10:20:52,583 [Worker-4] WARN  org.eclipse.jgit.util.FS - Exception caught during execution of command '[git, --version]' in '/usr/bin', return code '71', error message 'dyld: Library not loaded: @rpath/XCTest.framework/Versions/A/XCTest
  Referenced from: /Applications/Xcode.app/Contents/Frameworks/IDEFoundation.framework/Versions/A/IDEFoundation
  Reason: image not found
git: error: unable to locate xcodebuild, please make sure the path to the Xcode folder is set correctly!
git: error: You can set the path to the Xcode folder using /usr/bin/xcode-select -switch
'
2017-08-18 11:54:28,975 [Worker-3] INFO  c.g.t.t.d.PublishedGradleVersions - Gradle version information cache is up-to-date. Trying to read.
2017-08-18 11:54:30,470 [Worker-1] WARN  org.eclipse.jgit.util.FS - Exception caught during execution of command '[git, --version]' in '/usr/bin', return code '71', error message 'dyld: Library not loaded: @rpath/XCTest.framework/Versions/A/XCTest
  Referenced from: /Applications/Xcode.app/Contents/Frameworks/IDEFoundation.framework/Versions/A/IDEFoundation
  Reason: image not found
git: error: unable to locate xcodebuild, please make sure the path to the Xcode folder is set correctly!
git: error: You can set the path to the Xcode folder using /usr/bin/xcode-select -switch
'
2017-08-18 13:48:26,032 [Worker-1] INFO  c.g.t.t.d.PublishedGradleVersions - Gradle version information cache is up-to-date. Trying to read.
2017-08-18 13:48:26,921 [Worker-4] WARN  org.eclipse.jgit.util.FS - Exception caught during execution of command '[git, --version]' in '/usr/bin', return code '71', error message 'dyld: Library not loaded: @rpath/XCTest.framework/Versions/A/XCTest
  Referenced from: /Applications/Xcode.app/Contents/Frameworks/IDEFoundation.framework/Versions/A/IDEFoundation
  Reason: image not found
git: error: unable to locate xcodebuild, please make sure the path to the Xcode folder is set correctly!
git: error: You can set the path to the Xcode folder using /usr/bin/xcode-select -switch
'
2017-08-18 19:55:11,794 [Worker-0] INFO  c.g.t.t.d.PublishedGradleVersions - Gradle version information cache is up-to-date. Trying to read.
2017-08-18 19:55:13,012 [Worker-1] WARN  org.eclipse.jgit.util.FS - Exception caught during execution of command '[git, --version]' in '/usr/bin', return code '71', error message 'dyld: Library not loaded: @rpath/XCTest.framework/Versions/A/XCTest
  Referenced from: /Applications/Xcode.app/Contents/Frameworks/IDEFoundation.framework/Versions/A/IDEFoundation
  Reason: image not found
git: error: unable to locate xcodebuild, please make sure the path to the Xcode folder is set correctly!
git: error: You can set the path to the Xcode folder using /usr/bin/xcode-select -switch
'
2017-08-18 20:31:23,694 [Worker-0] INFO  c.g.t.t.d.PublishedGradleVersions - Gradle version information cache is up-to-date. Trying to read.
2017-08-18 20:31:24,777 [Worker-4] WARN  org.eclipse.jgit.util.FS - Exception caught during execution of command '[git, --version]' in '/usr/bin', return code '71', error message 'dyld: Library not loaded: @rpath/XCTest.framework/Versions/A/XCTest
  Referenced from: /Applications/Xcode.app/Contents/Frameworks/IDEFoundation.framework/Versions/A/IDEFoundation
  Reason: image not found
git: error: unable to locate xcodebuild, please make sure the path to the Xcode folder is set correctly!
git: error: You can set the path to the Xcode folder using /usr/bin/xcode-select -switch
'
2017-08-18 20:47:15,508 [Worker-0] INFO  c.g.t.t.d.PublishedGradleVersions - Gradle version information cache is up-to-date. Trying to read.
2017-08-18 20:47:16,534 [Worker-1] WARN  org.eclipse.jgit.util.FS - Exception caught during execution of command '[git, --version]' in '/usr/bin', return code '71', error message 'dyld: Library not loaded: @rpath/XCTest.framework/Versions/A/XCTest
  Referenced from: /Applications/Xcode.app/Contents/Frameworks/IDEFoundation.framework/Versions/A/IDEFoundation
  Reason: image not found
git: error: unable to locate xcodebuild, please make sure the path to the Xcode folder is set correctly!
git: error: You can set the path to the Xcode folder using /usr/bin/xcode-select -switch
'
2017-08-18 20:50:27,880 [Worker-0] INFO  c.g.t.t.d.PublishedGradleVersions - Gradle version information cache is up-to-date. Trying to read.
2017-08-18 20:50:28,882 [Worker-2] WARN  org.eclipse.jgit.util.FS - Exception caught during execution of command '[git, --version]' in '/usr/bin', return code '71', error message 'dyld: Library not loaded: @rpath/XCTest.framework/Versions/A/XCTest
  Referenced from: /Applications/Xcode.app/Contents/Frameworks/IDEFoundation.framework/Versions/A/IDEFoundation
  Reason: image not found
git: error: unable to locate xcodebuild, please make sure the path to the Xcode folder is set correctly!
git: error: You can set the path to the Xcode folder using /usr/bin/xcode-select -switch
'
2017-08-18 20:54:32,069 [Worker-0] INFO  c.g.t.t.d.PublishedGradleVersions - Gradle version information cache is up-to-date. Trying to read.
2017-08-18 20:54:33,090 [Worker-4] WARN  org.eclipse.jgit.util.FS - Exception caught during execution of command '[git, --version]' in '/usr/bin', return code '71', error message 'dyld: Library not loaded: @rpath/XCTest.framework/Versions/A/XCTest
  Referenced from: /Applications/Xcode.app/Contents/Frameworks/IDEFoundation.framework/Versions/A/IDEFoundation
  Reason: image not found
git: error: unable to locate xcodebuild, please make sure the path to the Xcode folder is set correctly!
git: error: You can set the path to the Xcode folder using /usr/bin/xcode-select -switch
'
2017-08-18 23:15:43,798 [Worker-2] INFO  c.g.t.t.d.PublishedGradleVersions - Gradle version information cache is out-of-date. Trying to update.
2017-08-18 23:15:44,595 [Worker-0] WARN  org.eclipse.jgit.util.FS - Exception caught during execution of command '[git, --version]' in '/usr/bin', return code '71', error message 'dyld: Library not loaded: @rpath/XCTest.framework/Versions/A/XCTest
  Referenced from: /Applications/Xcode.app/Contents/Frameworks/IDEFoundation.framework/Versions/A/IDEFoundation
  Reason: image not found
git: error: unable to locate xcodebuild, please make sure the path to the Xcode folder is set correctly!
git: error: You can set the path to the Xcode folder using /usr/bin/xcode-select -switch
'
2017-08-18 23:16:14,047 [Worker-2] INFO  c.g.t.t.d.PublishedGradleVersions - Updating Gradle version information cache failed. Using outdated cache.
2017-08-19 08:09:26,729 [Worker-0] INFO  c.g.t.t.d.PublishedGradleVersions - Gradle version information cache is up-to-date. Trying to read.
2017-08-19 08:09:27,717 [Worker-4] WARN  org.eclipse.jgit.util.FS - Exception caught during execution of command '[git, --version]' in '/usr/bin', return code '71', error message 'dyld: Library not loaded: @rpath/XCTest.framework/Versions/A/XCTest
  Referenced from: /Applications/Xcode.app/Contents/Frameworks/IDEFoundation.framework/Versions/A/IDEFoundation
  Reason: image not found
git: error: unable to locate xcodebuild, please make sure the path to the Xcode folder is set correctly!
git: error: You can set the path to the Xcode folder using /usr/bin/xcode-select -switch
'
2017-08-19 08:19:58,560 [Worker-2] INFO  c.g.t.t.d.PublishedGradleVersions - Gradle version information cache is up-to-date. Trying to read.
2017-08-19 08:19:59,335 [Worker-0] WARN  org.eclipse.jgit.util.FS - Exception caught during execution of command '[git, --version]' in '/usr/bin', return code '71', error message 'dyld: Library not loaded: @rpath/XCTest.framework/Versions/A/XCTest
  Referenced from: /Applications/Xcode.app/Contents/Frameworks/IDEFoundation.framework/Versions/A/IDEFoundation
  Reason: image not found
git: error: unable to locate xcodebuild, please make sure the path to the Xcode folder is set correctly!
git: error: You can set the path to the Xcode folder using /usr/bin/xcode-select -switch
'
2017-08-19 12:49:19,738 [main] WARN  org.eclipse.jgit.util.FS - Exception caught during execution of command '[git, --version]' in '/usr/bin', return code '71', error message 'dyld: Library not loaded: @rpath/XCTest.framework/Versions/A/XCTest
  Referenced from: /Applications/Xcode.app/Contents/Frameworks/IDEFoundation.framework/Versions/A/IDEFoundation
  Reason: image not found
git: error: unable to locate xcodebuild, please make sure the path to the Xcode folder is set correctly!
git: error: You can set the path to the Xcode folder using /usr/bin/xcode-select -switch
'
2017-08-19 12:49:20,036 [Worker-2] INFO  c.g.t.t.d.PublishedGradleVersions - Gradle version information cache is up-to-date. Trying to read.
2017-08-19 13:55:32,344 [Worker-1] INFO  c.g.t.t.d.PublishedGradleVersions - Gradle version information cache is up-to-date. Trying to read.
2017-08-19 13:55:33,146 [Worker-3] WARN  org.eclipse.jgit.util.FS - Exception caught during execution of command '[git, --version]' in '/usr/bin', return code '71', error message 'dyld: Library not loaded: @rpath/XCTest.framework/Versions/A/XCTest
  Referenced from: /Applications/Xcode.app/Contents/Frameworks/IDEFoundation.framework/Versions/A/IDEFoundation
  Reason: image not found
git: error: unable to locate xcodebuild, please make sure the path to the Xcode folder is set correctly!
git: error: You can set the path to the Xcode folder using /usr/bin/xcode-select -switch
'
2017-08-19 14:33:17,447 [Worker-0] INFO  c.g.t.t.d.PublishedGradleVersions - Gradle version information cache is up-to-date. Trying to read.
2017-08-19 14:33:17,615 [Worker-3] WARN  org.eclipse.jgit.util.FS - Exception caught during execution of command '[git, --version]' in '/usr/bin', return code '71', error message 'dyld: Library not loaded: @rpath/XCTest.framework/Versions/A/XCTest
  Referenced from: /Applications/Xcode.app/Contents/Frameworks/IDEFoundation.framework/Versions/A/IDEFoundation
  Reason: image not found
git: error: unable to locate xcodebuild, please make sure the path to the Xcode folder is set correctly!
git: error: You can set the path to the Xcode folder using /usr/bin/xcode-select -switch
'
2017-08-19 14:44:15,339 [Worker-1] INFO  c.g.t.t.d.PublishedGradleVersions - Gradle version information cache is up-to-date. Trying to read.
2017-08-19 14:44:16,212 [Worker-5] WARN  org.eclipse.jgit.util.FS - Exception caught during execution of command '[git, --version]' in '/usr/bin', return code '71', error message 'dyld: Library not loaded: @rpath/XCTest.framework/Versions/A/XCTest
  Referenced from: /Applications/Xcode.app/Contents/Frameworks/IDEFoundation.framework/Versions/A/IDEFoundation
  Reason: image not found
git: error: unable to locate xcodebuild, please make sure the path to the Xcode folder is set correctly!
git: error: You can set the path to the Xcode folder using /usr/bin/xcode-select -switch
'
2017-08-19 14:46:47,263 [Worker-3] INFO  c.g.t.t.d.PublishedGradleVersions - Gradle version information cache is up-to-date. Trying to read.
2017-08-19 14:46:48,533 [Worker-4] WARN  org.eclipse.jgit.util.FS - Exception caught during execution of command '[git, --version]' in '/usr/bin', return code '71', error message 'dyld: Library not loaded: @rpath/XCTest.framework/Versions/A/XCTest
  Referenced from: /Applications/Xcode.app/Contents/Frameworks/IDEFoundation.framework/Versions/A/IDEFoundation
  Reason: image not found
git: error: unable to locate xcodebuild, please make sure the path to the Xcode folder is set correctly!
git: error: You can set the path to the Xcode folder using /usr/bin/xcode-select -switch
'
2017-08-19 15:11:56,109 [Worker-2] INFO  c.g.t.t.d.PublishedGradleVersions - Gradle version information cache is up-to-date. Trying to read.
2017-08-19 15:11:57,104 [Worker-7] WARN  org.eclipse.jgit.util.FS - Exception caught during execution of command '[git, --version]' in '/usr/bin', return code '71', error message 'dyld: Library not loaded: @rpath/XCTest.framework/Versions/A/XCTest
  Referenced from: /Applications/Xcode.app/Contents/Frameworks/IDEFoundation.framework/Versions/A/IDEFoundation
  Reason: image not found
git: error: unable to locate xcodebuild, please make sure the path to the Xcode folder is set correctly!
git: error: You can set the path to the Xcode folder using /usr/bin/xcode-select -switch
'
2017-08-19 15:22:27,813 [Worker-0] INFO  c.g.t.t.d.PublishedGradleVersions - Gradle version information cache is up-to-date. Trying to read.
2017-08-19 15:22:28,617 [Worker-1] WARN  org.eclipse.jgit.util.FS - Exception caught during execution of command '[git, --version]' in '/usr/bin', return code '71', error message 'dyld: Library not loaded: @rpath/XCTest.framework/Versions/A/XCTest
  Referenced from: /Applications/Xcode.app/Contents/Frameworks/IDEFoundation.framework/Versions/A/IDEFoundation
  Reason: image not found
git: error: unable to locate xcodebuild, please make sure the path to the Xcode folder is set correctly!
git: error: You can set the path to the Xcode folder using /usr/bin/xcode-select -switch
'
2017-08-19 18:07:36,571 [main] WARN  org.eclipse.jgit.util.FS - Exception caught during execution of command '[git, --version]' in '/usr/bin', return code '71', error message 'dyld: Library not loaded: @rpath/XCTest.framework/Versions/A/XCTest
  Referenced from: /Applications/Xcode.app/Contents/Frameworks/IDEFoundation.framework/Versions/A/IDEFoundation
  Reason: image not found
git: error: unable to locate xcodebuild, please make sure the path to the Xcode folder is set correctly!
git: error: You can set the path to the Xcode folder using /usr/bin/xcode-select -switch
'
2017-08-19 18:07:36,894 [Worker-2] INFO  c.g.t.t.d.PublishedGradleVersions - Gradle version information cache is up-to-date. Trying to read.
2017-08-28 11:30:33,928 [Worker-0] INFO  c.g.t.t.d.PublishedGradleVersions - Gradle version information cache is out-of-date. Trying to update.
2017-08-28 11:30:35,441 [Worker-3] WARN  org.eclipse.jgit.util.FS - Exception caught during execution of command '[git, --version]' in '/usr/bin', return code '71', error message 'dyld: Library not loaded: @rpath/XCTest.framework/Versions/A/XCTest
  Referenced from: /Applications/Xcode.app/Contents/Frameworks/IDEFoundation.framework/Versions/A/IDEFoundation
  Reason: image not found
git: error: unable to locate xcodebuild, please make sure the path to the Xcode folder is set correctly!
git: error: You can set the path to the Xcode folder using /usr/bin/xcode-select -switch
'
2017-08-29 08:26:11,138 [Worker-1] INFO  c.g.t.t.d.PublishedGradleVersions - Gradle version information cache is up-to-date. Trying to read.
2017-08-29 08:26:12,165 [Worker-0] WARN  org.eclipse.jgit.util.FS - Exception caught during execution of command '[git, --version]' in '/usr/bin', return code '71', error message 'dyld: Library not loaded: @rpath/XCTest.framework/Versions/A/XCTest
  Referenced from: /Applications/Xcode.app/Contents/Frameworks/IDEFoundation.framework/Versions/A/IDEFoundation
  Reason: image not found
git: error: unable to locate xcodebuild, please make sure the path to the Xcode folder is set correctly!
git: error: You can set the path to the Xcode folder using /usr/bin/xcode-select -switch
'
2017-09-27 12:05:31,205 [Worker-2] INFO  c.g.t.t.d.PublishedGradleVersions - Gradle version information cache is up-to-date. Trying to read.
2017-09-27 12:05:32,674 [Worker-4] WARN  org.eclipse.jgit.util.FS - Exception caught during execution of command '[git, --version]' in '/usr/bin', return code '71', error message 'dyld: Library not loaded: @rpath/XCTest.framework/Versions/A/XCTest
  Referenced from: /Applications/Xcode.app/Contents/Frameworks/IDEFoundation.framework/Versions/A/IDEFoundation
  Reason: image not found
git: error: unable to locate xcodebuild, please make sure the path to the Xcode folder is set correctly!
git: error: You can set the path to the Xcode folder using /usr/bin/xcode-select -switch
'
2017-10-04 11:27:00,703 [Worker-0] INFO  c.g.t.t.d.PublishedGradleVersions - Gradle version information cache is up-to-date. Trying to read.
2017-10-04 11:27:02,217 [Worker-3] WARN  org.eclipse.jgit.util.FS - Exception caught during execution of command '[git, --version]' in '/usr/bin', return code '71', error message 'dyld: Library not loaded: @rpath/XCTest.framework/Versions/A/XCTest
  Referenced from: /Applications/Xcode.app/Contents/Frameworks/IDEFoundation.framework/Versions/A/IDEFoundation
  Reason: image not found
git: error: unable to locate xcodebuild, please make sure the path to the Xcode folder is set correctly!
git: error: You can set the path to the Xcode folder using /usr/bin/xcode-select -switch
'
2017-10-08 17:03:06,194 [Worker-1] INFO  c.g.t.t.d.PublishedGradleVersions - Gradle version information cache is out-of-date. Trying to update.
2017-10-08 17:03:07,301 [Worker-5] WARN  org.eclipse.jgit.util.FS - Exception caught during execution of command '[git, --version]' in '/usr/bin', return code '71', error message 'dyld: Library not loaded: @rpath/XCTest.framework/Versions/A/XCTest
  Referenced from: /Applications/Xcode.app/Contents/Frameworks/IDEFoundation.framework/Versions/A/IDEFoundation
  Reason: image not found
git: error: unable to locate xcodebuild, please make sure the path to the Xcode folder is set correctly!
git: error: You can set the path to the Xcode folder using /usr/bin/xcode-select -switch
'
2017-10-08 17:11:49,937 [Worker-0] INFO  c.g.t.t.d.PublishedGradleVersions - Gradle version information cache is up-to-date. Trying to read.
2017-10-08 17:11:50,972 [Worker-4] WARN  org.eclipse.jgit.util.FS - Exception caught during execution of command '[git, --version]' in '/usr/bin', return code '71', error message 'dyld: Library not loaded: @rpath/XCTest.framework/Versions/A/XCTest
  Referenced from: /Applications/Xcode.app/Contents/Frameworks/IDEFoundation.framework/Versions/A/IDEFoundation
  Reason: image not found
git: error: unable to locate xcodebuild, please make sure the path to the Xcode folder is set correctly!
git: error: You can set the path to the Xcode folder using /usr/bin/xcode-select -switch
'
2017-11-01 11:39:40,140 [Worker-0] INFO  c.g.t.t.d.PublishedGradleVersions - Gradle version information cache is out-of-date. Trying to update.
2017-11-01 11:39:41,372 [Worker-1] WARN  org.eclipse.jgit.util.FS - Exception caught during execution of command '[git, --version]' in '/usr/bin', return code '71', error message 'dyld: Library not loaded: @rpath/XCTest.framework/Versions/A/XCTest
  Referenced from: /Applications/Xcode.app/Contents/Frameworks/IDEFoundation.framework/Versions/A/IDEFoundation
  Reason: image not found
git: error: unable to locate xcodebuild, please make sure the path to the Xcode folder is set correctly!
git: error: You can set the path to the Xcode folder using /usr/bin/xcode-select -switch
'
2017-11-01 11:46:48,109 [Worker-1] INFO  c.g.t.t.d.PublishedGradleVersions - Gradle version information cache is up-to-date. Trying to read.
2017-11-01 11:46:49,055 [Worker-9] WARN  org.eclipse.jgit.util.FS - Exception caught during execution of command '[git, --version]' in '/usr/bin', return code '71', error message 'dyld: Library not loaded: @rpath/XCTest.framework/Versions/A/XCTest
  Referenced from: /Applications/Xcode.app/Contents/Frameworks/IDEFoundation.framework/Versions/A/IDEFoundation
  Reason: image not found
git: error: unable to locate xcodebuild, please make sure the path to the Xcode folder is set correctly!
git: error: You can set the path to the Xcode folder using /usr/bin/xcode-select -switch
'
2017-11-04 13:55:35,991 [Worker-5] INFO  c.g.t.t.d.PublishedGradleVersions - Gradle version information cache is out-of-date. Trying to update.
2017-11-04 13:55:37,455 [Worker-1] WARN  org.eclipse.jgit.util.FS - Exception caught during execution of command '[git, --version]' in '/usr/bin', return code '71', error message 'dyld: Library not loaded: @rpath/XCTest.framework/Versions/A/XCTest
  Referenced from: /Applications/Xcode.app/Contents/Frameworks/IDEFoundation.framework/Versions/A/IDEFoundation
  Reason: image not found
git: error: unable to locate xcodebuild, please make sure the path to the Xcode folder is set correctly!
git: error: You can set the path to the Xcode folder using /usr/bin/xcode-select -switch
'
2017-11-05 21:44:30,495 [Worker-7] INFO  c.g.t.t.d.PublishedGradleVersions - Gradle version information cache is out-of-date. Trying to update.
2017-11-05 21:44:32,040 [Worker-5] WARN  org.eclipse.jgit.util.FS - Exception caught during execution of command '[git, --version]' in '/usr/bin', return code '71', error message 'dyld: Library not loaded: @rpath/XCTest.framework/Versions/A/XCTest
  Referenced from: /Applications/Xcode.app/Contents/Frameworks/IDEFoundation.framework/Versions/A/IDEFoundation
  Reason: image not found
git: error: unable to locate xcodebuild, please make sure the path to the Xcode folder is set correctly!
git: error: You can set the path to the Xcode folder using /usr/bin/xcode-select -switch
'
2017-11-06 10:15:31,596 [Worker-7] INFO  c.g.t.t.d.PublishedGradleVersions - Gradle version information cache is up-to-date. Trying to read.
2017-11-06 10:15:33,190 [Worker-8] WARN  org.eclipse.jgit.util.FS - Exception caught during execution of command '[git, --version]' in '/usr/bin', return code '71', error message 'dyld: Library not loaded: @rpath/XCTest.framework/Versions/A/XCTest
  Referenced from: /Applications/Xcode.app/Contents/Frameworks/IDEFoundation.framework/Versions/A/IDEFoundation
  Reason: image not found
git: error: unable to locate xcodebuild, please make sure the path to the Xcode folder is set correctly!
git: error: You can set the path to the Xcode folder using /usr/bin/xcode-select -switch
'
2017-11-06 10:45:14,591 [Worker-4] INFO  c.g.t.t.d.PublishedGradleVersions - Gradle version information cache is up-to-date. Trying to read.
2017-11-06 10:45:16,221 [Worker-1] WARN  org.eclipse.jgit.util.FS - Exception caught during execution of command '[git, --version]' in '/usr/bin', return code '71', error message 'dyld: Library not loaded: @rpath/XCTest.framework/Versions/A/XCTest
  Referenced from: /Applications/Xcode.app/Contents/Frameworks/IDEFoundation.framework/Versions/A/IDEFoundation
  Reason: image not found
git: error: unable to locate xcodebuild, please make sure the path to the Xcode folder is set correctly!
git: error: You can set the path to the Xcode folder using /usr/bin/xcode-select -switch
'
2017-11-06 19:21:26,740 [Worker-7] INFO  c.g.t.t.d.PublishedGradleVersions - Gradle version information cache is up-to-date. Trying to read.
2017-11-06 19:21:28,409 [Worker-9] WARN  org.eclipse.jgit.util.FS - Exception caught during execution of command '[git, --version]' in '/usr/bin', return code '71', error message 'dyld: Library not loaded: @rpath/XCTest.framework/Versions/A/XCTest
  Referenced from: /Applications/Xcode.app/Contents/Frameworks/IDEFoundation.framework/Versions/A/IDEFoundation
  Reason: image not found
git: error: unable to locate xcodebuild, please make sure the path to the Xcode folder is set correctly!
git: error: You can set the path to the Xcode folder using /usr/bin/xcode-select -switch
'
2017-11-06 22:07:32,170 [Worker-5] INFO  c.g.t.t.d.PublishedGradleVersions - Gradle version information cache is out-of-date. Trying to update.
2017-11-06 22:07:33,103 [Worker-2] WARN  org.eclipse.jgit.util.FS - Exception caught during execution of command '[git, --version]' in '/usr/bin', return code '71', error message 'dyld: Library not loaded: @rpath/XCTest.framework/Versions/A/XCTest
  Referenced from: /Applications/Xcode.app/Contents/Frameworks/IDEFoundation.framework/Versions/A/IDEFoundation
  Reason: image not found
git: error: unable to locate xcodebuild, please make sure the path to the Xcode folder is set correctly!
git: error: You can set the path to the Xcode folder using /usr/bin/xcode-select -switch
'
2017-11-08 15:56:45,812 [Worker-4] INFO  c.g.t.t.d.PublishedGradleVersions - Gradle version information cache is out-of-date. Trying to update.
2017-11-08 15:56:48,582 [Worker-2] WARN  org.eclipse.jgit.util.FS - Exception caught during execution of command '[git, --version]' in '/usr/bin', return code '71', error message 'dyld: Library not loaded: @rpath/XCTest.framework/Versions/A/XCTest
  Referenced from: /Applications/Xcode.app/Contents/Frameworks/IDEFoundation.framework/Versions/A/IDEFoundation
  Reason: image not found
git: error: unable to locate xcodebuild, please make sure the path to the Xcode folder is set correctly!
git: error: You can set the path to the Xcode folder using /usr/bin/xcode-select -switch
'
2017-11-15 11:27:02,695 [Worker-7] INFO  c.g.t.t.d.PublishedGradleVersions - Gradle version information cache is out-of-date. Trying to update.
2017-11-15 11:27:04,074 [Worker-1] WARN  org.eclipse.jgit.util.FS - Exception caught during execution of command '[git, --version]' in '/usr/bin', return code '71', error message 'dyld: Library not loaded: @rpath/XCTest.framework/Versions/A/XCTest
  Referenced from: /Applications/Xcode.app/Contents/Frameworks/IDEFoundation.framework/Versions/A/IDEFoundation
  Reason: image not found
git: error: unable to locate xcodebuild, please make sure the path to the Xcode folder is set correctly!
git: error: You can set the path to the Xcode folder using /usr/bin/xcode-select -switch
'
2017-11-17 13:43:41,118 [Worker-6] INFO  c.g.t.t.d.PublishedGradleVersions - Gradle version information cache is out-of-date. Trying to update.
2017-11-17 13:43:45,159 [Worker-4] WARN  org.eclipse.jgit.util.FS - Exception caught during execution of command '[git, --version]' in '/usr/bin', return code '71', error message 'dyld: Library not loaded: @rpath/XCTest.framework/Versions/A/XCTest
  Referenced from: /Applications/Xcode.app/Contents/Frameworks/IDEFoundation.framework/Versions/A/IDEFoundation
  Reason: image not found
git: error: unable to locate xcodebuild, please make sure the path to the Xcode folder is set correctly!
git: error: You can set the path to the Xcode folder using /usr/bin/xcode-select -switch
'
2017-11-20 20:48:46,007 [Worker-6] INFO  c.g.t.t.d.PublishedGradleVersions - Gradle version information cache is out-of-date. Trying to update.
2017-11-20 20:48:47,446 [Worker-9] WARN  org.eclipse.jgit.util.FS - Exception caught during execution of command '[git, --version]' in '/usr/bin', return code '1', error message 'xcode-select: note: no developer tools were found at '/Applications/Xcode.app', requesting install. Choose an option in the dialog to download the command line developer tools.
'
2017-11-21 00:14:07,822 [Worker-2] INFO  c.g.t.t.d.PublishedGradleVersions - Gradle version information cache is up-to-date. Trying to read.
2017-11-21 11:46:15,175 [Worker-4] INFO  c.g.t.t.d.PublishedGradleVersions - Gradle version information cache is up-to-date. Trying to read.
2017-11-24 23:20:54,292 [Worker-5] INFO  c.g.t.t.d.PublishedGradleVersions - Gradle version information cache is out-of-date. Trying to update.
2017-11-26 20:32:20,017 [Worker-5] INFO  c.g.t.t.d.PublishedGradleVersions - Gradle version information cache is up-to-date. Trying to read.
2017-11-26 21:39:55,953 [Worker-5] INFO  c.g.t.t.d.PublishedGradleVersions - Gradle version information cache is up-to-date. Trying to read.
2017-11-26 22:16:04,956 [Worker-1] INFO  c.g.t.t.d.PublishedGradleVersions - Gradle version information cache is up-to-date. Trying to read.
2017-11-26 22:27:50,543 [Worker-7] INFO  c.g.t.t.d.PublishedGradleVersions - Gradle version information cache is up-to-date. Trying to read.
2017-11-27 20:05:03,393 [Worker-7] INFO  c.g.t.t.d.PublishedGradleVersions - Gradle version information cache is up-to-date. Trying to read.
2017-11-28 18:06:10,811 [Worker-5] INFO  c.g.t.t.d.PublishedGradleVersions - Gradle version information cache is up-to-date. Trying to read.
2017-11-29 09:16:18,904 [Worker-6] INFO  c.g.t.t.d.PublishedGradleVersions - Gradle version information cache is up-to-date. Trying to read.
2017-11-29 11:30:25,171 [Worker-4] INFO  c.g.t.t.d.PublishedGradleVersions - Gradle version information cache is up-to-date. Trying to read.
2017-11-29 11:42:06,317 [Worker-7] INFO  c.g.t.t.d.PublishedGradleVersions - Gradle version information cache is up-to-date. Trying to read.
2017-11-30 15:04:20,610 [Worker-4] INFO  c.g.t.t.d.PublishedGradleVersions - Gradle version information cache is out-of-date. Trying to update.
2017-12-12 15:53:59,417 [Worker-7] INFO  c.g.t.t.d.PublishedGradleVersions - Gradle version information cache is up-to-date. Trying to read.
2017-12-12 18:26:30,650 [Worker-7] INFO  c.g.t.t.d.PublishedGradleVersions - Gradle version information cache is up-to-date. Trying to read.
2017-12-14 21:29:31,682 [Worker-6] INFO  c.g.t.t.d.PublishedGradleVersions - Gradle version information cache is out-of-date. Trying to update.
2017-12-14 22:34:36,487 [Worker-2] INFO  c.g.t.t.d.PublishedGradleVersions - Gradle version information cache is up-to-date. Trying to read.
